# JRE version: OpenJDK Runtime Environment (8.0_181-b13) (build 1.8.0_181-8u181-b13-2~deb9u1-b13)
# Java VM: OpenJDK 64-Bit Server VM (25.181-b13 mixed mode linux-amd64 compressed oops)
Heap:
 PSYoungGen      total 268288K, used 201252K [0x000000076cb80000, 0x0000000787a00000, 0x00000007c0000000)
  eden space 258048K, 77% used [0x000000076cb80000,0x00000007790091e8,0x000000077c780000)
  from space 10240K, 0% used [0x000000077c780000,0x000000077c780000,0x000000077d180000)
  to   space 19456K, 0% used [0x0000000786700000,0x0000000786700000,0x0000000787a00000)
 ParOldGen       total 213504K, used 33555K [0x00000006c6200000, 0x00000006d3280000, 0x000000076cb80000)
  object space 213504K, 15% used [0x00000006c6200000,0x00000006c82c4cf8,0x00000006d3280000)
 Metaspace       used 45917K, capacity 47772K, committed 47912K, reserved 1091584K
  class space    used 5664K, capacity 6068K, committed 6192K, reserved 1048576K
GC Heap History (10 events):
Event: 10.621 GC heap before
{Heap before GC invocations=3 (full 0):
 PSYoungGen      total 139264K, used 139238K [0x000000076cb80000, 0x0000000775d80000, 0x00000007c0000000)
  eden space 129024K, 100% used [0x000000076cb80000,0x0000000774980000,0x0000000774980000)
  from space 10240K, 99% used [0x0000000775380000,0x0000000775d798a0,0x0000000775d80000)
  to   space 10240K, 0% used [0x0000000774980000,0x0000000774980000,0x0000000775380000)
 ParOldGen       total 171008K, used 785K [0x00000006c6200000, 0x00000006d0900000, 0x000000076cb80000)
  object space 171008K, 0% used [0x00000006c6200000,0x00000006c62c4708,0x00000006d0900000)
 Metaspace       used 17682K, capacity 18010K, committed 18304K, reserved 1064960K
  class space    used 2038K, capacity 2158K, committed 2176K, reserved 1048576K
Event: 10.679 GC heap after
Heap after GC invocations=3 (full 0):
 PSYoungGen      total 139264K, used 10208K [0x000000076cb80000, 0x000000077db80000, 0x00000007c0000000)
  eden space 129024K, 0% used [0x000000076cb80000,0x000000076cb80000,0x0000000774980000)
  from space 10240K, 99% used [0x0000000774980000,0x0000000775378020,0x0000000775380000)
  to   space 10240K, 0% used [0x000000077d180000,0x000000077d180000,0x000000077db80000)
 ParOldGen       total 171008K, used 8282K [0x00000006c6200000, 0x00000006d0900000, 0x000000076cb80000)
  object space 171008K, 4% used [0x00000006c6200000,0x00000006c6a168b0,0x00000006d0900000)
 Metaspace       used 17682K, capacity 18010K, committed 18304K, reserved 1064960K
  class space    used 2038K, capacity 2158K, committed 2176K, reserved 1048576K
}
Event: 17.245 GC heap before
{Heap before GC invocations=4 (full 0):
 PSYoungGen      total 139264K, used 89188K [0x000000076cb80000, 0x000000077db80000, 0x00000007c0000000)
  eden space 129024K, 61% used [0x000000076cb80000,0x00000007718a1278,0x0000000774980000)
  from space 10240K, 99% used [0x0000000774980000,0x0000000775378020,0x0000000775380000)
  to   space 10240K, 0% used [0x000000077d180000,0x000000077d180000,0x000000077db80000)
 ParOldGen       total 171008K, used 8282K [0x00000006c6200000, 0x00000006d0900000, 0x000000076cb80000)
  object space 171008K, 4% used [0x00000006c6200000,0x00000006c6a168b0,0x00000006d0900000)
 Metaspace       used 20539K, capacity 21140K, committed 21296K, reserved 1069056K
  class space    used 2364K, capacity 2562K, committed 2608K, reserved 1048576K
Event: 17.294 GC heap after
Heap after GC invocations=4 (full 0):
 PSYoungGen      total 268288K, used 10224K [0x000000076cb80000, 0x000000077db80000, 0x00000007c0000000)
  eden space 258048K, 0% used [0x000000076cb80000,0x000000076cb80000,0x000000077c780000)
  from space 10240K, 99% used [0x000000077d180000,0x000000077db7c010,0x000000077db80000)
  to   space 10240K, 0% used [0x000000077c780000,0x000000077c780000,0x000000077d180000)
 ParOldGen       total 171008K, used 13689K [0x00000006c6200000, 0x00000006d0900000, 0x000000076cb80000)
  object space 171008K, 8% used [0x00000006c6200000,0x00000006c6f5e610,0x00000006d0900000)
 Metaspace       used 20539K, capacity 21140K, committed 21296K, reserved 1069056K
  class space    used 2364K, capacity 2562K, committed 2608K, reserved 1048576K
}
Event: 17.294 GC heap before
{Heap before GC invocations=5 (full 1):
 PSYoungGen      total 268288K, used 10224K [0x000000076cb80000, 0x000000077db80000, 0x00000007c0000000)
  eden space 258048K, 0% used [0x000000076cb80000,0x000000076cb80000,0x000000077c780000)
  from space 10240K, 99% used [0x000000077d180000,0x000000077db7c010,0x000000077db80000)
  to   space 10240K, 0% used [0x000000077c780000,0x000000077c780000,0x000000077d180000)
 ParOldGen       total 171008K, used 13689K [0x00000006c6200000, 0x00000006d0900000, 0x000000076cb80000)
  object space 171008K, 8% used [0x00000006c6200000,0x00000006c6f5e610,0x00000006d0900000)
 Metaspace       used 20539K, capacity 21140K, committed 21296K, reserved 1069056K
  class space    used 2364K, capacity 2562K, committed 2608K, reserved 1048576K
Event: 17.492 GC heap after
Heap after GC invocations=5 (full 1):
 PSYoungGen      total 268288K, used 0K [0x000000076cb80000, 0x000000077db80000, 0x00000007c0000000)
  eden space 258048K, 0% used [0x000000076cb80000,0x000000076cb80000,0x000000077c780000)
  from space 10240K, 0% used [0x000000077d180000,0x000000077d180000,0x000000077db80000)
  to   space 10240K, 0% used [0x000000077c780000,0x000000077c780000,0x000000077d180000)
 ParOldGen       total 125952K, used 21528K [0x00000006c6200000, 0x00000006cdd00000, 0x000000076cb80000)
  object space 125952K, 17% used [0x00000006c6200000,0x00000006c7706068,0x00000006cdd00000)
 Metaspace       used 20539K, capacity 21140K, committed 21296K, reserved 1069056K
  class space    used 2364K, capacity 2562K, committed 2608K, reserved 1048576K
}
Event: 19.515 GC heap before
{Heap before GC invocations=6 (full 1):
 PSYoungGen      total 268288K, used 122731K [0x000000076cb80000, 0x000000077db80000, 0x00000007c0000000)
  eden space 258048K, 47% used [0x000000076cb80000,0x000000077435ae68,0x000000077c780000)
  from space 10240K, 0% used [0x000000077d180000,0x000000077d180000,0x000000077db80000)
  to   space 10240K, 0% used [0x000000077c780000,0x000000077c780000,0x000000077d180000)
 ParOldGen       total 125952K, used 21528K [0x00000006c6200000, 0x00000006cdd00000, 0x000000076cb80000)
  object space 125952K, 17% used [0x00000006c6200000,0x00000006c7706068,0x00000006cdd00000)
 Metaspace       used 34320K, capacity 35384K, committed 35496K, reserved 1081344K
  class space    used 4208K, capacity 4520K, committed 4528K, reserved 1048576K
Event: 19.560 GC heap after
Heap after GC invocations=6 (full 1):
 PSYoungGen      total 268288K, used 10209K [0x000000076cb80000, 0x0000000787a00000, 0x00000007c0000000)
  eden space 258048K, 0% used [0x000000076cb80000,0x000000076cb80000,0x000000077c780000)
  from space 10240K, 99% used [0x000000077c780000,0x000000077d178718,0x000000077d180000)
  to   space 19456K, 0% used [0x0000000786700000,0x0000000786700000,0x0000000787a00000)
 ParOldGen       total 125952K, used 26052K [0x00000006c6200000, 0x00000006cdd00000, 0x000000076cb80000)
  object space 125952K, 20% used [0x00000006c6200000,0x00000006c7b71330,0x00000006cdd00000)
 Metaspace       used 34320K, capacity 35384K, committed 35496K, reserved 1081344K
  class space    used 4208K, capacity 4520K, committed 4528K, reserved 1048576K
}
Event: 19.560 GC heap before
{Heap before GC invocations=7 (full 2):
 PSYoungGen      total 268288K, used 10209K [0x000000076cb80000, 0x0000000787a00000, 0x00000007c0000000)
  eden space 258048K, 0% used [0x000000076cb80000,0x000000076cb80000,0x000000077c780000)
  from space 10240K, 99% used [0x000000077c780000,0x000000077d178718,0x000000077d180000)
  to   space 19456K, 0% used [0x0000000786700000,0x0000000786700000,0x0000000787a00000)
 ParOldGen       total 125952K, used 26052K [0x00000006c6200000, 0x00000006cdd00000, 0x000000076cb80000)
  object space 125952K, 20% used [0x00000006c6200000,0x00000006c7b71330,0x00000006cdd00000)
 Metaspace       used 34320K, capacity 35384K, committed 35496K, reserved 1081344K
  class space    used 4208K, capacity 4520K, committed 4528K, reserved 1048576K
Event: 19.796 GC heap after
Heap after GC invocations=7 (full 2):
 PSYoungGen      total 268288K, used 0K [0x000000076cb80000, 0x0000000787a00000, 0x00000007c0000000)
  eden space 258048K, 0% used [0x000000076cb80000,0x000000076cb80000,0x000000077c780000)
  from space 10240K, 0% used [0x000000077c780000,0x000000077c780000,0x000000077d180000)
  to   space 19456K, 0% used [0x0000000786700000,0x0000000786700000,0x0000000787a00000)
 ParOldGen       total 213504K, used 33555K [0x00000006c6200000, 0x00000006d3280000, 0x000000076cb80000)
  object space 213504K, 15% used [0x00000006c6200000,0x00000006c82c4cf8,0x00000006d3280000)
 Metaspace       used 34320K, capacity 35384K, committed 35496K, reserved 1081344K
  class space    used 4208K, capacity 4520K, committed 4528K, reserved 1048576K
}

